<?xml version="1.0" encoding="UTF-8"?>
<testng-results ignored="0" total="1" passed="1" failed="0" skipped="0">
  <reporter-output>
  </reporter-output>
  <suite started-at="2024-03-24T07:44:37 IST" name="Default suite" finished-at="2024-03-24T07:44:51 IST" duration-ms="14160">
    <groups>
    </groups>
    <test started-at="2024-03-24T07:44:37 IST" name="Default test" finished-at="2024-03-24T07:44:51 IST" duration-ms="14160">
      <class name="Project_Test.Project_Test">
        <test-method is-config="true" signature="Base()[pri:0, instance:Project_Test.Project_Test@1b2abca6]" started-at="2024-03-24T07:44:37 IST" name="Base" finished-at="2024-03-24T07:44:46 IST" duration-ms="9259" status="PASS">
          <reporter-output>
          </reporter-output>
        </test-method> <!-- Base -->
        <test-method signature="Test()[pri:0, instance:Project_Test.Project_Test@1b2abca6]" started-at="2024-03-24T07:44:46 IST" name="Test" finished-at="2024-03-24T07:44:51 IST" duration-ms="4814" status="PASS">
          <reporter-output>
          </reporter-output>
        </test-method> <!-- Test -->
        <test-method is-config="true" signature="Finish()[pri:0, instance:Project_Test.Project_Test@1b2abca6]" started-at="2024-03-24T07:44:51 IST" name="Finish" finished-at="2024-03-24T07:44:51 IST" duration-ms="4" status="PASS">
          <reporter-output>
          </reporter-output>
        </test-method> <!-- Finish -->
        <test-method is-config="true" signature="quit()[pri:0, instance:Project_Test.Project_Test@1b2abca6]" started-at="2024-03-24T07:44:51 IST" name="quit" finished-at="2024-03-24T07:44:51 IST" duration-ms="0" status="PASS">
          <reporter-output>
          </reporter-output>
        </test-method> <!-- quit -->
      </class> <!-- Project_Test.Project_Test -->
    </test> <!-- Default test -->
  </suite> <!-- Default suite -->
</testng-results>
